# JRE version: Java(TM) SE Runtime Environment (8.0_231-b11) (build 1.8.0_231-b11)
# Java VM: Java HotSpot(TM) 64-Bit Server VM (25.231-b11 mixed mode windows-amd64 compressed oops)
Heap:
 PSYoungGen      total 271360K, used 133474K [0x00000000d5f00000, 0x00000000e8780000, 0x0000000100000000)
  eden space 256000K, 52% used [0x00000000d5f00000,0x00000000de158a98,0x00000000e5900000)
  from space 15360K, 0% used [0x00000000e6780000,0x00000000e6780000,0x00000000e7680000)
  to   space 14848K, 0% used [0x00000000e5900000,0x00000000e5900000,0x00000000e6780000)
 ParOldGen       total 119808K, used 23851K [0x0000000081c00000, 0x0000000089100000, 0x00000000d5f00000)
  object space 119808K, 19% used [0x0000000081c00000,0x000000008334ac08,0x0000000089100000)
 Metaspace       used 62933K, capacity 65872K, committed 65920K, reserved 1105920K
  class space    used 8317K, capacity 8820K, committed 8832K, reserved 1048576K
GC Heap History (10 events):
Event: 4.620 GC heap before
{Heap before GC invocations=11 (full 2):
 PSYoungGen      total 180224K, used 8554K [0x00000000d5f00000, 0x00000000e5280000, 0x0000000100000000)
  eden space 168960K, 0% used [0x00000000d5f00000,0x00000000d5f00000,0x00000000e0400000)
  from space 11264K, 75% used [0x00000000e0400000,0x00000000e0c5a980,0x00000000e0f00000)
  to   space 11776K, 0% used [0x00000000e4700000,0x00000000e4700000,0x00000000e5280000)
 ParOldGen       total 55808K, used 9079K [0x0000000081c00000, 0x0000000085280000, 0x00000000d5f00000)
  object space 55808K, 16% used [0x0000000081c00000,0x00000000824ddf10,0x0000000085280000)
 Metaspace       used 33581K, capacity 35402K, committed 35496K, reserved 1079296K
  class space    used 4529K, capacity 4859K, committed 4864K, reserved 1048576K
Event: 4.680 GC heap after
Heap after GC invocations=11 (full 2):
 PSYoungGen      total 180224K, used 0K [0x00000000d5f00000, 0x00000000e5280000, 0x0000000100000000)
  eden space 168960K, 0% used [0x00000000d5f00000,0x00000000d5f00000,0x00000000e0400000)
  from space 11264K, 0% used [0x00000000e0400000,0x00000000e0400000,0x00000000e0f00000)
  to   space 11776K, 0% used [0x00000000e4700000,0x00000000e4700000,0x00000000e5280000)
 ParOldGen       total 85504K, used 13564K [0x0000000081c00000, 0x0000000086f80000, 0x00000000d5f00000)
  object space 85504K, 15% used [0x0000000081c00000,0x000000008293f148,0x0000000086f80000)
 Metaspace       used 33581K, capacity 35402K, committed 35496K, reserved 1079296K
  class space    used 4529K, capacity 4859K, committed 4864K, reserved 1048576K
}
Event: 6.916 GC heap before
{Heap before GC invocations=12 (full 2):
 PSYoungGen      total 180224K, used 168960K [0x00000000d5f00000, 0x00000000e5280000, 0x0000000100000000)
  eden space 168960K, 100% used [0x00000000d5f00000,0x00000000e0400000,0x00000000e0400000)
  from space 11264K, 0% used [0x00000000e0400000,0x00000000e0400000,0x00000000e0f00000)
  to   space 11776K, 0% used [0x00000000e4700000,0x00000000e4700000,0x00000000e5280000)
 ParOldGen       total 85504K, used 13564K [0x0000000081c00000, 0x0000000086f80000, 0x00000000d5f00000)
  object space 85504K, 15% used [0x0000000081c00000,0x000000008293f148,0x0000000086f80000)
 Metaspace       used 44426K, capacity 46446K, committed 46720K, reserved 1089536K
  class space    used 6009K, capacity 6409K, committed 6528K, reserved 1048576K
Event: 6.928 GC heap after
Heap after GC invocations=12 (full 2):
 PSYoungGen      total 222720K, used 11764K [0x00000000d5f00000, 0x00000000e5280000, 0x0000000100000000)
  eden space 210944K, 0% used [0x00000000d5f00000,0x00000000d5f00000,0x00000000e2d00000)
  from space 11776K, 99% used [0x00000000e4700000,0x00000000e527d1a8,0x00000000e5280000)
  to   space 14336K, 0% used [0x00000000e3680000,0x00000000e3680000,0x00000000e4480000)
 ParOldGen       total 85504K, used 15782K [0x0000000081c00000, 0x0000000086f80000, 0x00000000d5f00000)
  object space 85504K, 18% used [0x0000000081c00000,0x0000000082b69b20,0x0000000086f80000)
 Metaspace       used 44426K, capacity 46446K, committed 46720K, reserved 1089536K
  class space    used 6009K, capacity 6409K, committed 6528K, reserved 1048576K
}
Event: 47.509 GC heap before
{Heap before GC invocations=13 (full 2):
 PSYoungGen      total 222720K, used 222708K [0x00000000d5f00000, 0x00000000e5280000, 0x0000000100000000)
  eden space 210944K, 100% used [0x00000000d5f00000,0x00000000e2d00000,0x00000000e2d00000)
  from space 11776K, 99% used [0x00000000e4700000,0x00000000e527d1a8,0x00000000e5280000)
  to   space 14336K, 0% used [0x00000000e3680000,0x00000000e3680000,0x00000000e4480000)
 ParOldGen       total 85504K, used 15782K [0x0000000081c00000, 0x0000000086f80000, 0x00000000d5f00000)
  object space 85504K, 18% used [0x0000000081c00000,0x0000000082b69b20,0x0000000086f80000)
 Metaspace       used 53371K, capacity 56208K, committed 56320K, reserved 1097728K
  class space    used 7404K, capacity 7911K, committed 7936K, reserved 1048576K
Event: 47.524 GC heap after
Heap after GC invocations=13 (full 2):
 PSYoungGen      total 235008K, used 12557K [0x00000000d5f00000, 0x00000000e7680000, 0x0000000100000000)
  eden space 220672K, 0% used [0x00000000d5f00000,0x00000000d5f00000,0x00000000e3680000)
  from space 14336K, 87% used [0x00000000e3680000,0x00000000e42c3478,0x00000000e4480000)
  to   space 15360K, 0% used [0x00000000e6780000,0x00000000e6780000,0x00000000e7680000)
 ParOldGen       total 85504K, used 21236K [0x0000000081c00000, 0x0000000086f80000, 0x00000000d5f00000)
  object space 85504K, 24% used [0x0000000081c00000,0x00000000830bd358,0x0000000086f80000)
 Metaspace       used 53371K, capacity 56208K, committed 56320K, reserved 1097728K
  class space    used 7404K, capacity 7911K, committed 7936K, reserved 1048576K
}
Event: 47.854 GC heap before
{Heap before GC invocations=14 (full 2):
 PSYoungGen      total 235008K, used 64100K [0x00000000d5f00000, 0x00000000e7680000, 0x0000000100000000)
  eden space 220672K, 23% used [0x00000000d5f00000,0x00000000d9155c68,0x00000000e3680000)
  from space 14336K, 87% used [0x00000000e3680000,0x00000000e42c3478,0x00000000e4480000)
  to   space 15360K, 0% used [0x00000000e6780000,0x00000000e6780000,0x00000000e7680000)
 ParOldGen       total 85504K, used 21236K [0x0000000081c00000, 0x0000000086f80000, 0x00000000d5f00000)
  object space 85504K, 24% used [0x0000000081c00000,0x00000000830bd358,0x0000000086f80000)
 Metaspace       used 56225K, capacity 59038K, committed 59136K, reserved 1099776K
  class space    used 7628K, capacity 8116K, committed 8192K, reserved 1048576K
Event: 47.861 GC heap after
Heap after GC invocations=14 (full 2):
 PSYoungGen      total 271360K, used 8538K [0x00000000d5f00000, 0x00000000e8780000, 0x0000000100000000)
  eden space 256000K, 0% used [0x00000000d5f00000,0x00000000d5f00000,0x00000000e5900000)
  from space 15360K, 55% used [0x00000000e6780000,0x00000000e6fd69a8,0x00000000e7680000)
  to   space 14848K, 0% used [0x00000000e5900000,0x00000000e5900000,0x00000000e6780000)
 ParOldGen       total 85504K, used 21244K [0x0000000081c00000, 0x0000000086f80000, 0x00000000d5f00000)
  object space 85504K, 24% used [0x0000000081c00000,0x00000000830bf358,0x0000000086f80000)
 Metaspace       used 56225K, capacity 59038K, committed 59136K, reserved 1099776K
  class space    used 7628K, capacity 8116K, committed 8192K, reserved 1048576K
}
Event: 47.861 GC heap before
{Heap before GC invocations=15 (full 3):
 PSYoungGen      total 271360K, used 8538K [0x00000000d5f00000, 0x00000000e8780000, 0x0000000100000000)
  eden space 256000K, 0% used [0x00000000d5f00000,0x00000000d5f00000,0x00000000e5900000)
  from space 15360K, 55% used [0x00000000e6780000,0x00000000e6fd69a8,0x00000000e7680000)
  to   space 14848K, 0% used [0x00000000e5900000,0x00000000e5900000,0x00000000e6780000)
 ParOldGen       total 85504K, used 21244K [0x0000000081c00000, 0x0000000086f80000, 0x00000000d5f00000)
  object space 85504K, 24% used [0x0000000081c00000,0x00000000830bf358,0x0000000086f80000)
 Metaspace       used 56225K, capacity 59038K, committed 59136K, reserved 1099776K
  class space    used 7628K, capacity 8116K, committed 8192K, reserved 1048576K
Event: 48.021 GC heap after
Heap after GC invocations=15 (full 3):
 PSYoungGen      total 271360K, used 0K [0x00000000d5f00000, 0x00000000e8780000, 0x0000000100000000)
  eden space 256000K, 0% used [0x00000000d5f00000,0x00000000d5f00000,0x00000000e5900000)
  from space 15360K, 0% used [0x00000000e6780000,0x00000000e6780000,0x00000000e7680000)
  to   space 14848K, 0% used [0x00000000e5900000,0x00000000e5900000,0x00000000e6780000)
 ParOldGen       total 119808K, used 23851K [0x0000000081c00000, 0x0000000089100000, 0x00000000d5f00000)
  object space 119808K, 19% used [0x0000000081c00000,0x000000008334ac08,0x0000000089100000)
 Metaspace       used 56225K, capacity 59038K, committed 59136K, reserved 1099776K
  class space    used 7628K, capacity 8116K, committed 8192K, reserved 1048576K
}

